Compiling the C compiler identification source file "CMakeCCompilerId.c" failed.
Compiler: /home/bamtori/Android/Sdk/ndk-bundle/toolchains/mips64el-linux-android-4.9/prebuilt/linux-x86_64/bin/mips64el-linux-android-gcc 
Build flags: -g;-DANDROID;-ffunction-sections;-funwind-tables;-fstack-protector-strong;-no-canonical-prefixes;-Wa,--noexecstack;-Wformat;-Werror=format-security;-g;-DANDROID;-ffunction-sections;-funwind-tables;-fstack-protector-strong;-no-canonical-prefixes;-Wa,--noexecstack;-Wformat;-Werror=format-security;
Id flags: 

The output was:
1
/home/bamtori/Android/Sdk/ndk-bundle/toolchains/mips64el-linux-android-4.9/prebuilt/linux-x86_64/bin/../lib/gcc/mips64el-linux-android/4.9.x/../../../../mips64el-linux-android/bin/ld: cannot find crtbegin_dynamic.o: No such file or directory
/home/bamtori/Android/Sdk/ndk-bundle/toolchains/mips64el-linux-android-4.9/prebuilt/linux-x86_64/bin/../lib/gcc/mips64el-linux-android/4.9.x/../../../../mips64el-linux-android/bin/ld: cannot find -lc
/home/bamtori/Android/Sdk/ndk-bundle/toolchains/mips64el-linux-android-4.9/prebuilt/linux-x86_64/bin/../lib/gcc/mips64el-linux-android/4.9.x/../../../../mips64el-linux-android/bin/ld: cannot find -ldl
/home/bamtori/Android/Sdk/ndk-bundle/toolchains/mips64el-linux-android-4.9/prebuilt/linux-x86_64/bin/../lib/gcc/mips64el-linux-android/4.9.x/../../../../mips64el-linux-android/bin/ld: cannot find crtend_android.o: No such file or directory
collect2: error: ld returned 1 exit status


Compiling the CXX compiler identification source file "CMakeCXXCompilerId.cpp" failed.
Compiler: /home/bamtori/Android/Sdk/ndk-bundle/toolchains/mips64el-linux-android-4.9/prebuilt/linux-x86_64/bin/mips64el-linux-android-g++ 
Build flags: -g;-DANDROID;-ffunction-sections;-funwind-tables;-fstack-protector-strong;-no-canonical-prefixes;-Wa,--noexecstack;-Wformat;-Werror=format-security;-fno-exceptions;-fno-rtti;-g;-DANDROID;-ffunction-sections;-funwind-tables;-fstack-protector-strong;-no-canonical-prefixes;-Wa,--noexecstack;-Wformat;-Werror=format-security;-fno-exceptions;-fno-rtti;
Id flags: 

The output was:
1
/home/bamtori/Android/Sdk/ndk-bundle/toolchains/mips64el-linux-android-4.9/prebuilt/linux-x86_64/bin/../lib/gcc/mips64el-linux-android/4.9.x/../../../../mips64el-linux-android/bin/ld: cannot find crtbegin_dynamic.o: No such file or directory
/home/bamtori/Android/Sdk/ndk-bundle/toolchains/mips64el-linux-android-4.9/prebuilt/linux-x86_64/bin/../lib/gcc/mips64el-linux-android/4.9.x/../../../../mips64el-linux-android/bin/ld: cannot find -lstdc++
/home/bamtori/Android/Sdk/ndk-bundle/toolchains/mips64el-linux-android-4.9/prebuilt/linux-x86_64/bin/../lib/gcc/mips64el-linux-android/4.9.x/../../../../mips64el-linux-android/bin/ld: cannot find -lm
/home/bamtori/Android/Sdk/ndk-bundle/toolchains/mips64el-linux-android-4.9/prebuilt/linux-x86_64/bin/../lib/gcc/mips64el-linux-android/4.9.x/../../../../mips64el-linux-android/bin/ld: cannot find -lc
/home/bamtori/Android/Sdk/ndk-bundle/toolchains/mips64el-linux-android-4.9/prebuilt/linux-x86_64/bin/../lib/gcc/mips64el-linux-android/4.9.x/../../../../mips64el-linux-android/bin/ld: cannot find -ldl
/home/bamtori/Android/Sdk/ndk-bundle/toolchains/mips64el-linux-android-4.9/prebuilt/linux-x86_64/bin/../lib/gcc/mips64el-linux-android/4.9.x/../../../../mips64el-linux-android/bin/ld: cannot find crtend_android.o: No such file or directory
collect2: error: ld returned 1 exit status


